c:\users\packe\source\repos\encryptionsoftware2\encryptionsoftware2\x64\debug\vc143.pdb
c:\users\packe\source\repos\encryptionsoftware2\encryptionsoftware2\x64\debug\.netframework,version=v4.7.2.assemblyattributes.obj
c:\users\packe\source\repos\encryptionsoftware2\encryptionsoftware2\x64\debug\encryption.obj
c:\users\packe\source\repos\encryptionsoftware2\encryptionsoftware2\x64\debug\aes.obj
c:\users\packe\source\repos\encryptionsoftware2\x64\debug\libcurl-d.dll
c:\users\packe\source\repos\encryptionsoftware2\x64\debug\zlibd1.dll
c:\users\packe\source\repos\encryptionsoftware2\x64\debug\libcrypto-3-x64.dll
c:\users\packe\source\repos\encryptionsoftware2\x64\debug\encryptionsoftware2.exe
c:\users\packe\source\repos\encryptionsoftware2\x64\debug\encryptionsoftware2.pdb
c:\users\packe\source\repos\encryptionsoftware2\encryptionsoftware2\x64\debug\encrypti.a12c5ab3.tlog\cl.command.1.tlog
c:\users\packe\source\repos\encryptionsoftware2\encryptionsoftware2\x64\debug\encrypti.a12c5ab3.tlog\cl.items.tlog
c:\users\packe\source\repos\encryptionsoftware2\encryptionsoftware2\x64\debug\encrypti.a12c5ab3.tlog\cl.read.1.tlog
c:\users\packe\source\repos\encryptionsoftware2\encryptionsoftware2\x64\debug\encrypti.a12c5ab3.tlog\cl.write.1.tlog
c:\users\packe\source\repos\encryptionsoftware2\encryptionsoftware2\x64\debug\encrypti.a12c5ab3.tlog\encryptionsoftware2.write.1u.tlog
c:\users\packe\source\repos\encryptionsoftware2\encryptionsoftware2\x64\debug\encrypti.a12c5ab3.tlog\link.command.1.tlog
c:\users\packe\source\repos\encryptionsoftware2\encryptionsoftware2\x64\debug\encrypti.a12c5ab3.tlog\link.read.1.tlog
c:\users\packe\source\repos\encryptionsoftware2\encryptionsoftware2\x64\debug\encrypti.a12c5ab3.tlog\link.write.1.tlog
c:\users\packe\source\repos\encryptionsoftware2\encryptionsoftware2\x64\debug\encrypti.a12c5ab3.tlog\metagen.read.1.tlog
c:\users\packe\source\repos\encryptionsoftware2\encryptionsoftware2\x64\debug\encrypti.a12c5ab3.tlog\metagen.write.1.tlog
c:\users\packe\source\repos\encryptionsoftware2\encryptionsoftware2\x64\debug\encrypti.a12c5ab3.tlog\resgen.command.1.tlog
c:\users\packe\source\repos\encryptionsoftware2\encryptionsoftware2\x64\debug\encrypti.a12c5ab3.tlog\resgen.read.1.tlog
c:\users\packe\source\repos\encryptionsoftware2\encryptionsoftware2\x64\debug\encrypti.a12c5ab3.tlog\resgen.write.1.tlog
